2016-06-20 14:19:14 trace :
------------
String:
<xml><ToUserName><![CDATA[gh_a83bf6d773c2]]></ToUserName>
<FromUserName><![CDATA[orkfWjmrv5Px2g7dHdiU-ZIYrO-E]]></FromUserName>
<CreateTime>1466403409</CreateTime>
<MsgType><![CDATA[text]]></MsgType>
<Content><![CDATA[点餐]]></Content>
<MsgId>6298154684809536902</MsgId>
</xml>

2016-06-20 14:19:14 params :
------------
Array:
message : Array ;
module : cover ;
rule : 10 ;
priority : 0 ;
keyword : Array ;

2016-06-20 14:19:14 response :
------------
Array:
FromUserName : gh_a83bf6d773c2 ;
ToUserName : orkfWjmrv5Px2g7dHdiU-ZIYrO-E ;
MsgType : news ;
ArticleCount : 1 ;
Articles : Array ;

2016-06-20 14:20:59 trace :
------------
String:
<xml><ToUserName><![CDATA[gh_a83bf6d773c2]]></ToUserName>
<FromUserName><![CDATA[orkfWjmrv5Px2g7dHdiU-ZIYrO-E]]></FromUserName>
<CreateTime>1466403514</CreateTime>
<MsgType><![CDATA[text]]></MsgType>
<Content><![CDATA[点餐]]></Content>
<MsgId>6298155135781102995</MsgId>
</xml>

2016-06-20 14:20:59 params :
------------
Array:
message : Array ;
module : cover ;
rule : 10 ;
priority : 0 ;
keyword : Array ;

2016-06-20 14:20:59 response :
------------
Array:
FromUserName : gh_a83bf6d773c2 ;
ToUserName : orkfWjmrv5Px2g7dHdiU-ZIYrO-E ;
MsgType : news ;
ArticleCount : 1 ;
Articles : Array ;

2016-06-20 14:30:42 trace :
------------
String:
<xml><ToUserName><![CDATA[gh_a83bf6d773c2]]></ToUserName>
<FromUserName><![CDATA[orkfWjmrv5Px2g7dHdiU-ZIYrO-E]]></FromUserName>
<CreateTime>1466404098</CreateTime>
<MsgType><![CDATA[text]]></MsgType>
<Content><![CDATA[首页]]></Content>
<MsgId>6298157644042003995</MsgId>
</xml>

2016-06-20 14:30:42 params :
------------
Array:
message : Array ;
module : cover ;
rule : 11 ;
priority : 0 ;
keyword : Array ;

2016-06-20 14:30:42 response :
------------
Array:
FromUserName : gh_a83bf6d773c2 ;
ToUserName : orkfWjmrv5Px2g7dHdiU-ZIYrO-E ;
MsgType : news ;
ArticleCount : 1 ;
Articles : Array ;

2016-06-20 17:12:06 trace :
------------
String:
<xml><ToUserName><![CDATA[gh_a83bf6d773c2]]></ToUserName>
<FromUserName><![CDATA[orkfWjhZeO9XNvj4pC8aRdUbcoH4]]></FromUserName>
<CreateTime>1466413781</CreateTime>
<MsgType><![CDATA[event]]></MsgType>
<Event><![CDATA[subscribe]]></Event>
<EventKey><![CDATA[]]></EventKey>
</xml>

2016-06-20 17:12:06 params :
------------
Array:
rule : -2 ;
module :  ;
message : Array ;

2016-06-20 17:12:06 response :
------------

2016-06-20 17:12:11 trace :
------------
String:
<xml><ToUserName><![CDATA[gh_a83bf6d773c2]]></ToUserName>
<FromUserName><![CDATA[orkfWjoQsI8_8AlBHt1i-iYCdvPI]]></FromUserName>
<CreateTime>1466413786</CreateTime>
<MsgType><![CDATA[event]]></MsgType>
<Event><![CDATA[subscribe]]></Event>
<EventKey><![CDATA[]]></EventKey>
</xml>

2016-06-20 17:12:11 params :
------------
Array:
rule : -2 ;
module :  ;
message : Array ;

2016-06-20 17:12:11 response :
------------

2016-06-20 17:12:12 trace :
------------
String:
<xml><ToUserName><![CDATA[gh_a83bf6d773c2]]></ToUserName>
<FromUserName><![CDATA[orkfWjmrv5Px2g7dHdiU-ZIYrO-E]]></FromUserName>
<CreateTime>1466413787</CreateTime>
<MsgType><![CDATA[event]]></MsgType>
<Event><![CDATA[LOCATION]]></Event>
<Latitude>31.592918</Latitude>
<Longitude>120.772346</Longitude>
<Precision>65.000000</Precision>
</xml>

2016-06-20 17:12:12 params :
------------
Array:
message : Array ;
module : default ;
rule : -1 ;

2016-06-20 17:12:12 response :
------------
Array:
errno : -1 ;
message : Invaild value ;

2016-06-20 17:12:15 trace :
------------
String:
<xml><ToUserName><![CDATA[gh_a83bf6d773c2]]></ToUserName>
<FromUserName><![CDATA[orkfWjtV7i5BDhNGfU1LBZ35fN28]]></FromUserName>
<CreateTime>1466413790</CreateTime>
<MsgType><![CDATA[event]]></MsgType>
<Event><![CDATA[subscribe]]></Event>
<EventKey><![CDATA[]]></EventKey>
</xml>

2016-06-20 17:12:15 params :
------------
Array:
rule : -2 ;
module :  ;
message : Array ;

2016-06-20 17:12:15 response :
------------

2016-06-20 17:12:15 trace :
------------
String:
<xml><ToUserName><![CDATA[gh_a83bf6d773c2]]></ToUserName>
<FromUserName><![CDATA[orkfWjja-JCz27cRX_fTN9Ijbcxw]]></FromUserName>
<CreateTime>1466413790</CreateTime>
<MsgType><![CDATA[event]]></MsgType>
<Event><![CDATA[subscribe]]></Event>
<EventKey><![CDATA[]]></EventKey>
</xml>

2016-06-20 17:12:15 params :
------------
Array:
rule : -2 ;
module :  ;
message : Array ;

2016-06-20 17:12:15 response :
------------

2016-06-20 17:12:21 trace :
------------
String:
<xml><ToUserName><![CDATA[gh_a83bf6d773c2]]></ToUserName>
<FromUserName><![CDATA[orkfWjvHjK68qsphl1YsVsGP802E]]></FromUserName>
<CreateTime>1466413796</CreateTime>
<MsgType><![CDATA[event]]></MsgType>
<Event><![CDATA[subscribe]]></Event>
<EventKey><![CDATA[]]></EventKey>
</xml>

2016-06-20 17:12:21 params :
------------
Array:
rule : -2 ;
module :  ;
message : Array ;

2016-06-20 17:12:21 response :
------------

2016-06-20 17:12:25 trace :
------------
String:
<xml><ToUserName><![CDATA[gh_a83bf6d773c2]]></ToUserName>
<FromUserName><![CDATA[orkfWjhZeO9XNvj4pC8aRdUbcoH4]]></FromUserName>
<CreateTime>1466413800</CreateTime>
<MsgType><![CDATA[event]]></MsgType>
<Event><![CDATA[CLICK]]></Event>
<EventKey><![CDATA[订餐]]></EventKey>
</xml>

2016-06-20 17:12:25 params :
------------
Array:
rule : -2 ;
module :  ;
message : Array ;

2016-06-20 17:12:25 response :
------------

2016-06-20 17:12:31 trace :
------------
String:
<xml><ToUserName><![CDATA[gh_a83bf6d773c2]]></ToUserName>
<FromUserName><![CDATA[orkfWjvHjK68qsphl1YsVsGP802E]]></FromUserName>
<CreateTime>1466413806</CreateTime>
<MsgType><![CDATA[event]]></MsgType>
<Event><![CDATA[CLICK]]></Event>
<EventKey><![CDATA[DM电子版]]></EventKey>
</xml>

2016-06-20 17:12:31 params :
------------
Array:
rule : -2 ;
module :  ;
message : Array ;

2016-06-20 17:12:31 response :
------------

2016-06-20 17:12:32 trace :
------------
String:
<xml><ToUserName><![CDATA[gh_a83bf6d773c2]]></ToUserName>
<FromUserName><![CDATA[orkfWjtV7i5BDhNGfU1LBZ35fN28]]></FromUserName>
<CreateTime>1466413806</CreateTime>
<MsgType><![CDATA[event]]></MsgType>
<Event><![CDATA[CLICK]]></Event>
<EventKey><![CDATA[首页]]></EventKey>
</xml>

2016-06-20 17:12:32 params :
------------
Array:
message : Array ;
module : cover ;
rule : 11 ;
priority : 0 ;
keyword : Array ;

2016-06-20 17:12:32 response :
------------
Array:
FromUserName : gh_a83bf6d773c2 ;
ToUserName : orkfWjtV7i5BDhNGfU1LBZ35fN28 ;
MsgType : news ;
ArticleCount : 1 ;
Articles : Array ;

2016-06-20 17:12:38 trace :
------------
String:
<xml><ToUserName><![CDATA[gh_a83bf6d773c2]]></ToUserName>
<FromUserName><![CDATA[orkfWjhZeO9XNvj4pC8aRdUbcoH4]]></FromUserName>
<CreateTime>1466413813</CreateTime>
<MsgType><![CDATA[event]]></MsgType>
<Event><![CDATA[CLICK]]></Event>
<EventKey><![CDATA[订餐]]></EventKey>
</xml>

2016-06-20 17:12:38 params :
------------
Array:
rule : -2 ;
module :  ;
message : Array ;

2016-06-20 17:12:38 response :
------------

2016-06-20 17:12:41 trace :
------------
String:
<xml><ToUserName><![CDATA[gh_a83bf6d773c2]]></ToUserName>
<FromUserName><![CDATA[orkfWjrYOTX91cccdlqKL-FTYJXY]]></FromUserName>
<CreateTime>1466413816</CreateTime>
<MsgType><![CDATA[event]]></MsgType>
<Event><![CDATA[subscribe]]></Event>
<EventKey><![CDATA[]]></EventKey>
</xml>

2016-06-20 17:12:41 params :
------------
Array:
rule : -2 ;
module :  ;
message : Array ;

2016-06-20 17:12:41 response :
------------

2016-06-20 17:12:42 trace :
------------
String:
<xml><ToUserName><![CDATA[gh_a83bf6d773c2]]></ToUserName>
<FromUserName><![CDATA[orkfWjvHjK68qsphl1YsVsGP802E]]></FromUserName>
<CreateTime>1466413817</CreateTime>
<MsgType><![CDATA[event]]></MsgType>
<Event><![CDATA[CLICK]]></Event>
<EventKey><![CDATA[最新活动]]></EventKey>
</xml>

2016-06-20 17:12:42 params :
------------
Array:
rule : -2 ;
module :  ;
message : Array ;

2016-06-20 17:12:42 response :
------------

2016-06-20 17:12:45 trace :
------------
String:
<xml><ToUserName><![CDATA[gh_a83bf6d773c2]]></ToUserName>
<FromUserName><![CDATA[orkfWjtV7i5BDhNGfU1LBZ35fN28]]></FromUserName>
<CreateTime>1466413821</CreateTime>
<MsgType><![CDATA[event]]></MsgType>
<Event><![CDATA[CLICK]]></Event>
<EventKey><![CDATA[单店活动]]></EventKey>
</xml>

2016-06-20 17:12:46 params :
------------
Array:
rule : -2 ;
module :  ;
message : Array ;

2016-06-20 17:12:46 response :
------------

2016-06-20 17:12:47 trace :
------------
String:
<xml><ToUserName><![CDATA[gh_a83bf6d773c2]]></ToUserName>
<FromUserName><![CDATA[orkfWjhQAUL21ZyhGc0cNyVz7vs4]]></FromUserName>
<CreateTime>1466413822</CreateTime>
<MsgType><![CDATA[event]]></MsgType>
<Event><![CDATA[subscribe]]></Event>
<EventKey><![CDATA[]]></EventKey>
</xml>

2016-06-20 17:12:47 params :
------------
Array:
rule : -2 ;
module :  ;
message : Array ;

2016-06-20 17:12:47 response :
------------

2016-06-20 17:12:50 trace :
------------
String:
<xml><ToUserName><![CDATA[gh_a83bf6d773c2]]></ToUserName>
<FromUserName><![CDATA[orkfWjhQAUL21ZyhGc0cNyVz7vs4]]></FromUserName>
<CreateTime>1466413826</CreateTime>
<MsgType><![CDATA[event]]></MsgType>
<Event><![CDATA[LOCATION]]></Event>
<Latitude>31.594004</Latitude>
<Longitude>120.770958</Longitude>
<Precision>110.000000</Precision>
</xml>

2016-06-20 17:12:50 params :
------------
Array:
message : Array ;
module : default ;
rule : -1 ;

2016-06-20 17:12:50 response :
------------
Array:
errno : -1 ;
message : Invaild value ;

2016-06-20 17:12:51 trace :
------------
String:
<xml><ToUserName><![CDATA[gh_a83bf6d773c2]]></ToUserName>
<FromUserName><![CDATA[orkfWjtV7i5BDhNGfU1LBZ35fN28]]></FromUserName>
<CreateTime>1466413826</CreateTime>
<MsgType><![CDATA[event]]></MsgType>
<Event><![CDATA[LOCATION]]></Event>
<Latitude>31.592394</Latitude>
<Longitude>120.772240</Longitude>
<Precision>65.000000</Precision>
</xml>

2016-06-20 17:12:51 params :
------------
Array:
message : Array ;
module : default ;
rule : -1 ;

2016-06-20 17:12:51 response :
------------
Array:
errno : -1 ;
message : Invaild value ;

2016-06-20 17:13:10 trace :
------------
String:
<xml><ToUserName><![CDATA[gh_a83bf6d773c2]]></ToUserName>
<FromUserName><![CDATA[orkfWjoQsI8_8AlBHt1i-iYCdvPI]]></FromUserName>
<CreateTime>1466413845</CreateTime>
<MsgType><![CDATA[event]]></MsgType>
<Event><![CDATA[LOCATION]]></Event>
<Latitude>31.592392</Latitude>
<Longitude>120.772217</Longitude>
<Precision>65.000000</Precision>
</xml>

2016-06-20 17:13:10 params :
------------
Array:
message : Array ;
module : default ;
rule : -1 ;

2016-06-20 17:13:10 response :
------------
Array:
errno : -1 ;
message : Invaild value ;

2016-06-20 17:14:28 trace :
------------
String:
<xml><ToUserName><![CDATA[gh_a83bf6d773c2]]></ToUserName>
<FromUserName><![CDATA[orkfWjtV7i5BDhNGfU1LBZ35fN28]]></FromUserName>
<CreateTime>1466413923</CreateTime>
<MsgType><![CDATA[text]]></MsgType>
<Content><![CDATA[test]]></Content>
<MsgId>6298199842095689524</MsgId>
</xml>

2016-06-20 17:14:28 params :
------------
Array:
message : Array ;
module : cover ;
rule : 10 ;
priority : 0 ;
keyword : Array ;

2016-06-20 17:14:28 response :
------------
Array:
FromUserName : gh_a83bf6d773c2 ;
ToUserName : orkfWjtV7i5BDhNGfU1LBZ35fN28 ;
MsgType : news ;
ArticleCount : 1 ;
Articles : Array ;

2016-06-20 17:14:35 trace :
------------
String:
<xml><ToUserName><![CDATA[gh_a83bf6d773c2]]></ToUserName>
<FromUserName><![CDATA[orkfWjhQAUL21ZyhGc0cNyVz7vs4]]></FromUserName>
<CreateTime>1466413930</CreateTime>
<MsgType><![CDATA[event]]></MsgType>
<Event><![CDATA[LOCATION]]></Event>
<Latitude>31.592049</Latitude>
<Longitude>120.772163</Longitude>
<Precision>110.000000</Precision>
</xml>

2016-06-20 17:14:35 params :
------------
Array:
message : Array ;
module : default ;
rule : -1 ;

2016-06-20 17:14:35 response :
------------
Array:
errno : -1 ;
message : Invaild value ;

2016-06-20 17:14:36 trace :
------------
String:
<xml><ToUserName><![CDATA[gh_a83bf6d773c2]]></ToUserName>
<FromUserName><![CDATA[orkfWjoQsI8_8AlBHt1i-iYCdvPI]]></FromUserName>
<CreateTime>1466413931</CreateTime>
<MsgType><![CDATA[text]]></MsgType>
<Content><![CDATA[test]]></Content>
<MsgId>6298199876455427894</MsgId>
</xml>

2016-06-20 17:14:36 params :
------------
Array:
message : Array ;
module : cover ;
rule : 10 ;
priority : 0 ;
keyword : Array ;

2016-06-20 17:14:36 response :
------------
Array:
FromUserName : gh_a83bf6d773c2 ;
ToUserName : orkfWjoQsI8_8AlBHt1i-iYCdvPI ;
MsgType : news ;
ArticleCount : 1 ;
Articles : Array ;

2016-06-20 17:14:38 trace :
------------
String:
<xml><ToUserName><![CDATA[gh_a83bf6d773c2]]></ToUserName>
<FromUserName><![CDATA[orkfWjja-JCz27cRX_fTN9Ijbcxw]]></FromUserName>
<CreateTime>1466413933</CreateTime>
<MsgType><![CDATA[text]]></MsgType>
<Content><![CDATA[test]]></Content>
<MsgId>6298199885045362488</MsgId>
</xml>

2016-06-20 17:14:38 params :
------------
Array:
message : Array ;
module : cover ;
rule : 10 ;
priority : 0 ;
keyword : Array ;

2016-06-20 17:14:38 response :
------------
Array:
FromUserName : gh_a83bf6d773c2 ;
ToUserName : orkfWjja-JCz27cRX_fTN9Ijbcxw ;
MsgType : news ;
ArticleCount : 1 ;
Articles : Array ;

2016-06-20 17:14:49 trace :
------------
String:
<xml><ToUserName><![CDATA[gh_a83bf6d773c2]]></ToUserName>
<FromUserName><![CDATA[orkfWjhQAUL21ZyhGc0cNyVz7vs4]]></FromUserName>
<CreateTime>1466413944</CreateTime>
<MsgType><![CDATA[text]]></MsgType>
<Content><![CDATA[text]]></Content>
<MsgId>6298199932290002757</MsgId>
</xml>

2016-06-20 17:14:49 params :
------------
Array:
rule : -2 ;
module :  ;
message : Array ;

2016-06-20 17:14:49 response :
------------

2016-06-20 17:14:54 trace :
------------
String:
<xml><ToUserName><![CDATA[gh_a83bf6d773c2]]></ToUserName>
<FromUserName><![CDATA[orkfWjhZeO9XNvj4pC8aRdUbcoH4]]></FromUserName>
<CreateTime>1466413949</CreateTime>
<MsgType><![CDATA[text]]></MsgType>
<Content><![CDATA[订餐]]></Content>
<MsgId>6298199953764839239</MsgId>
</xml>

2016-06-20 17:14:54 params :
------------
Array:
rule : -2 ;
module :  ;
message : Array ;

2016-06-20 17:14:54 response :
------------

2016-06-20 17:15:01 trace :
------------
String:
<xml><ToUserName><![CDATA[gh_a83bf6d773c2]]></ToUserName>
<FromUserName><![CDATA[orkfWjhQAUL21ZyhGc0cNyVz7vs4]]></FromUserName>
<CreateTime>1466413956</CreateTime>
<MsgType><![CDATA[text]]></MsgType>
<Content><![CDATA[test ]]></Content>
<MsgId>6298199983829610314</MsgId>
</xml>

2016-06-20 17:15:01 params :
------------
Array:
message : Array ;
module : cover ;
rule : 10 ;
priority : 0 ;
keyword : Array ;

2016-06-20 17:15:01 response :
------------
Array:
FromUserName : gh_a83bf6d773c2 ;
ToUserName : orkfWjhQAUL21ZyhGc0cNyVz7vs4 ;
MsgType : news ;
ArticleCount : 1 ;
Articles : Array ;

2016-06-20 17:15:09 trace :
------------
String:
<xml><ToUserName><![CDATA[gh_a83bf6d773c2]]></ToUserName>
<FromUserName><![CDATA[orkfWjhZeO9XNvj4pC8aRdUbcoH4]]></FromUserName>
<CreateTime>1466413964</CreateTime>
<MsgType><![CDATA[event]]></MsgType>
<Event><![CDATA[LOCATION]]></Event>
<Latitude>31.592709</Latitude>
<Longitude>120.772446</Longitude>
<Precision>65.000000</Precision>
</xml>

2016-06-20 17:15:09 params :
------------
Array:
message : Array ;
module : default ;
rule : -1 ;

2016-06-20 17:15:09 response :
------------
Array:
errno : -1 ;
message : Invaild value ;

2016-06-20 17:15:19 trace :
------------
String:
<xml><ToUserName><![CDATA[gh_a83bf6d773c2]]></ToUserName>
<FromUserName><![CDATA[orkfWjvHjK68qsphl1YsVsGP802E]]></FromUserName>
<CreateTime>1466413974</CreateTime>
<MsgType><![CDATA[text]]></MsgType>
<Content><![CDATA[test]]></Content>
<MsgId>6298200061139021648</MsgId>
</xml>

2016-06-20 17:15:19 params :
------------
Array:
message : Array ;
module : cover ;
rule : 10 ;
priority : 0 ;
keyword : Array ;

2016-06-20 17:15:19 response :
------------
Array:
FromUserName : gh_a83bf6d773c2 ;
ToUserName : orkfWjvHjK68qsphl1YsVsGP802E ;
MsgType : news ;
ArticleCount : 1 ;
Articles : Array ;

2016-06-20 17:15:21 trace :
------------
String:
<xml><ToUserName><![CDATA[gh_a83bf6d773c2]]></ToUserName>
<FromUserName><![CDATA[orkfWjhZeO9XNvj4pC8aRdUbcoH4]]></FromUserName>
<CreateTime>1466413977</CreateTime>
<MsgType><![CDATA[event]]></MsgType>
<Event><![CDATA[CLICK]]></Event>
<EventKey><![CDATA[订餐]]></EventKey>
</xml>

2016-06-20 17:15:21 params :
------------
Array:
rule : -2 ;
module :  ;
message : Array ;

2016-06-20 17:15:21 response :
------------

2016-06-20 17:15:31 trace :
------------
String:
<xml><ToUserName><![CDATA[gh_a83bf6d773c2]]></ToUserName>
<FromUserName><![CDATA[orkfWjhZeO9XNvj4pC8aRdUbcoH4]]></FromUserName>
<CreateTime>1466413986</CreateTime>
<MsgType><![CDATA[text]]></MsgType>
<Content><![CDATA[点餐]]></Content>
<MsgId>6298200112678629207</MsgId>
</xml>

2016-06-20 17:15:31 params :
------------
Array:
rule : -2 ;
module :  ;
message : Array ;

2016-06-20 17:15:31 response :
------------

2016-06-20 17:15:34 trace :
------------
String:
<xml><ToUserName><![CDATA[gh_a83bf6d773c2]]></ToUserName>
<FromUserName><![CDATA[orkfWjrYOTX91cccdlqKL-FTYJXY]]></FromUserName>
<CreateTime>1466413989</CreateTime>
<MsgType><![CDATA[text]]></MsgType>
<Content><![CDATA[test]]></Content>
<MsgId>6298200125563531098</MsgId>
</xml>

2016-06-20 17:15:34 params :
------------
Array:
message : Array ;
module : cover ;
rule : 10 ;
priority : 0 ;
keyword : Array ;

2016-06-20 17:15:34 response :
------------
Array:
FromUserName : gh_a83bf6d773c2 ;
ToUserName : orkfWjrYOTX91cccdlqKL-FTYJXY ;
MsgType : news ;
ArticleCount : 1 ;
Articles : Array ;

2016-06-20 17:15:44 trace :
------------
String:
<xml><ToUserName><![CDATA[gh_a83bf6d773c2]]></ToUserName>
<FromUserName><![CDATA[orkfWjhZeO9XNvj4pC8aRdUbcoH4]]></FromUserName>
<CreateTime>1466413999</CreateTime>
<MsgType><![CDATA[text]]></MsgType>
<Content><![CDATA[test]]></Content>
<MsgId>6298200168513204064</MsgId>
</xml>

2016-06-20 17:15:44 params :
------------
Array:
message : Array ;
module : cover ;
rule : 10 ;
priority : 0 ;
keyword : Array ;

2016-06-20 17:15:44 response :
------------
Array:
FromUserName : gh_a83bf6d773c2 ;
ToUserName : orkfWjhZeO9XNvj4pC8aRdUbcoH4 ;
MsgType : news ;
ArticleCount : 1 ;
Articles : Array ;

2016-06-20 17:16:51 trace :
------------
String:
<xml><ToUserName><![CDATA[gh_a83bf6d773c2]]></ToUserName>
<FromUserName><![CDATA[orkfWjhQAUL21ZyhGc0cNyVz7vs4]]></FromUserName>
<CreateTime>1466414066</CreateTime>
<MsgType><![CDATA[event]]></MsgType>
<Event><![CDATA[LOCATION]]></Event>
<Latitude>31.592510</Latitude>
<Longitude>120.771820</Longitude>
<Precision>70.000000</Precision>
</xml>

2016-06-20 17:16:51 params :
------------
Array:
message : Array ;
module : default ;
rule : -1 ;

2016-06-20 17:16:51 response :
------------
Array:
errno : -1 ;
message : Invaild value ;

2016-06-20 17:17:06 trace :
------------
String:
<xml><ToUserName><![CDATA[gh_a83bf6d773c2]]></ToUserName>
<FromUserName><![CDATA[orkfWjhQAUL21ZyhGc0cNyVz7vs4]]></FromUserName>
<CreateTime>1466414081</CreateTime>
<MsgType><![CDATA[event]]></MsgType>
<Event><![CDATA[LOCATION]]></Event>
<Latitude>31.592510</Latitude>
<Longitude>120.771820</Longitude>
<Precision>70.000000</Precision>
</xml>

2016-06-20 17:17:06 params :
------------
Array:
message : Array ;
module : default ;
rule : -1 ;

2016-06-20 17:17:06 response :
------------
Array:
errno : -1 ;
message : Invaild value ;

2016-06-20 17:17:13 trace :
------------
String:
<xml><ToUserName><![CDATA[gh_a83bf6d773c2]]></ToUserName>
<FromUserName><![CDATA[orkfWjhZeO9XNvj4pC8aRdUbcoH4]]></FromUserName>
<CreateTime>1466414089</CreateTime>
<MsgType><![CDATA[event]]></MsgType>
<Event><![CDATA[LOCATION]]></Event>
<Latitude>31.592859</Latitude>
<Longitude>120.772316</Longitude>
<Precision>65.000000</Precision>
</xml>

2016-06-20 17:17:13 params :
------------
Array:
message : Array ;
module : default ;
rule : -1 ;

2016-06-20 17:17:13 response :
------------
Array:
errno : -1 ;
message : Invaild value ;

2016-06-20 17:17:23 trace :
------------
String:
<xml><ToUserName><![CDATA[gh_a83bf6d773c2]]></ToUserName>
<FromUserName><![CDATA[orkfWjhQAUL21ZyhGc0cNyVz7vs4]]></FromUserName>
<CreateTime>1466414098</CreateTime>
<MsgType><![CDATA[event]]></MsgType>
<Event><![CDATA[LOCATION]]></Event>
<Latitude>31.592049</Latitude>
<Longitude>120.772163</Longitude>
<Precision>110.000000</Precision>
</xml>

2016-06-20 17:17:23 params :
------------
Array:
message : Array ;
module : default ;
rule : -1 ;

2016-06-20 17:17:23 response :
------------
Array:
errno : -1 ;
message : Invaild value ;

2016-06-20 17:17:27 trace :
------------
String:
<xml><ToUserName><![CDATA[gh_a83bf6d773c2]]></ToUserName>
<FromUserName><![CDATA[orkfWjrYOTX91cccdlqKL-FTYJXY]]></FromUserName>
<CreateTime>1466414102</CreateTime>
<MsgType><![CDATA[text]]></MsgType>
<Content><![CDATA[test2]]></Content>
<MsgId>6298200610894835571</MsgId>
</xml>

2016-06-20 17:17:27 params :
------------
Array:
rule : -2 ;
module :  ;
message : Array ;

2016-06-20 17:17:27 response :
------------

2016-06-20 17:17:32 trace :
------------
String:
<xml><ToUserName><![CDATA[gh_a83bf6d773c2]]></ToUserName>
<FromUserName><![CDATA[orkfWjvHjK68qsphl1YsVsGP802E]]></FromUserName>
<CreateTime>1466414107</CreateTime>
<MsgType><![CDATA[text]]></MsgType>
<Content><![CDATA[test2]]></Content>
<MsgId>6298200632369672052</MsgId>
</xml>

2016-06-20 17:17:32 params :
------------
Array:
rule : -2 ;
module :  ;
message : Array ;

2016-06-20 17:17:32 response :
------------

2016-06-20 17:17:36 trace :
------------
String:
<xml><ToUserName><![CDATA[gh_a83bf6d773c2]]></ToUserName>
<FromUserName><![CDATA[orkfWjhQAUL21ZyhGc0cNyVz7vs4]]></FromUserName>
<CreateTime>1466414111</CreateTime>
<MsgType><![CDATA[text]]></MsgType>
<Content><![CDATA[test ]]></Content>
<MsgId>6298200649549541237</MsgId>
</xml>

2016-06-20 17:17:36 params :
------------
Array:
message : Array ;
module : cover ;
rule : 10 ;
priority : 0 ;
keyword : Array ;

2016-06-20 17:17:36 response :
------------
Array:
FromUserName : gh_a83bf6d773c2 ;
ToUserName : orkfWjhQAUL21ZyhGc0cNyVz7vs4 ;
MsgType : news ;
ArticleCount : 1 ;
Articles : Array ;

2016-06-20 17:18:46 trace :
------------
String:
<xml><ToUserName><![CDATA[gh_a83bf6d773c2]]></ToUserName>
<FromUserName><![CDATA[orkfWjhZeO9XNvj4pC8aRdUbcoH4]]></FromUserName>
<CreateTime>1466414181</CreateTime>
<MsgType><![CDATA[event]]></MsgType>
<Event><![CDATA[LOCATION]]></Event>
<Latitude>31.592634</Latitude>
<Longitude>120.772507</Longitude>
<Precision>65.000000</Precision>
</xml>

2016-06-20 17:18:46 params :
------------
Array:
message : Array ;
module : default ;
rule : -1 ;

2016-06-20 17:18:46 response :
------------
Array:
errno : -1 ;
message : Invaild value ;

2016-06-20 17:21:21 trace :
------------
String:
<xml><ToUserName><![CDATA[gh_a83bf6d773c2]]></ToUserName>
<FromUserName><![CDATA[orkfWjtV7i5BDhNGfU1LBZ35fN28]]></FromUserName>
<CreateTime>1466414336</CreateTime>
<MsgType><![CDATA[event]]></MsgType>
<Event><![CDATA[LOCATION]]></Event>
<Latitude>31.592545</Latitude>
<Longitude>120.772194</Longitude>
<Precision>71.005318</Precision>
</xml>

2016-06-20 17:21:21 params :
------------
Array:
message : Array ;
module : default ;
rule : -1 ;

2016-06-20 17:21:21 response :
------------
Array:
errno : -1 ;
message : Invaild value ;

2016-06-20 17:33:02 trace :
------------
String:
<xml><ToUserName><![CDATA[gh_a83bf6d773c2]]></ToUserName>
<FromUserName><![CDATA[orkfWjja-JCz27cRX_fTN9Ijbcxw]]></FromUserName>
<CreateTime>1466415037</CreateTime>
<MsgType><![CDATA[text]]></MsgType>
<Content><![CDATA[tens]]></Content>
<MsgId>6298204626689257479</MsgId>
</xml>

2016-06-20 17:33:02 params :
------------
Array:
rule : -2 ;
module :  ;
message : Array ;

2016-06-20 17:33:02 response :
------------

2016-06-20 17:33:05 trace :
------------
String:
<xml><ToUserName><![CDATA[gh_a83bf6d773c2]]></ToUserName>
<FromUserName><![CDATA[orkfWjja-JCz27cRX_fTN9Ijbcxw]]></FromUserName>
<CreateTime>1466415039</CreateTime>
<MsgType><![CDATA[text]]></MsgType>
<Content><![CDATA[test]]></Content>
<MsgId>6298204635279192073</MsgId>
</xml>

2016-06-20 17:33:05 params :
------------
Array:
message : Array ;
module : cover ;
rule : 10 ;
priority : 0 ;
keyword : Array ;

2016-06-20 17:33:05 response :
------------
Array:
FromUserName : gh_a83bf6d773c2 ;
ToUserName : orkfWjja-JCz27cRX_fTN9Ijbcxw ;
MsgType : news ;
ArticleCount : 1 ;
Articles : Array ;

2016-06-20 21:50:11 trace :
------------
String:
<xml><ToUserName><![CDATA[gh_a83bf6d773c2]]></ToUserName>
<FromUserName><![CDATA[orkfWjvHjK68qsphl1YsVsGP802E]]></FromUserName>
<CreateTime>1466430466</CreateTime>
<MsgType><![CDATA[text]]></MsgType>
<Content><![CDATA[点菜]]></Content>
<MsgId>6298270893739669924</MsgId>
</xml>

2016-06-20 21:50:11 params :
------------
Array:
message : Array ;
module : cover ;
rule : 12 ;
priority : 0 ;
keyword : Array ;

2016-06-20 21:50:11 response :
------------
Array:
FromUserName : gh_a83bf6d773c2 ;
ToUserName : orkfWjvHjK68qsphl1YsVsGP802E ;
MsgType : news ;
ArticleCount : 1 ;
Articles : Array ;

2016-06-20 21:50:13 trace :
------------
String:
<xml><ToUserName><![CDATA[gh_a83bf6d773c2]]></ToUserName>
<FromUserName><![CDATA[orkfWjmrv5Px2g7dHdiU-ZIYrO-E]]></FromUserName>
<CreateTime>1466430468</CreateTime>
<MsgType><![CDATA[text]]></MsgType>
<Content><![CDATA[点菜]]></Content>
<MsgId>6298270902329604518</MsgId>
</xml>

2016-06-20 21:50:13 params :
------------
Array:
message : Array ;
module : cover ;
rule : 12 ;
priority : 0 ;
keyword : Array ;

2016-06-20 21:50:13 response :
------------
Array:
FromUserName : gh_a83bf6d773c2 ;
ToUserName : orkfWjmrv5Px2g7dHdiU-ZIYrO-E ;
MsgType : news ;
ArticleCount : 1 ;
Articles : Array ;

2016-06-20 21:51:02 trace :
------------
String:
<xml><ToUserName><![CDATA[gh_a83bf6d773c2]]></ToUserName>
<FromUserName><![CDATA[orkfWjvHjK68qsphl1YsVsGP802E]]></FromUserName>
<CreateTime>1466430518</CreateTime>
<MsgType><![CDATA[text]]></MsgType>
<Content><![CDATA[点菜]]></Content>
<MsgId>6298271117077969329</MsgId>
</xml>

2016-06-20 21:51:02 params :
------------
Array:
message : Array ;
module : cover ;
rule : 12 ;
priority : 0 ;
keyword : Array ;

2016-06-20 21:51:02 response :
------------
Array:
FromUserName : gh_a83bf6d773c2 ;
ToUserName : orkfWjvHjK68qsphl1YsVsGP802E ;
MsgType : news ;
ArticleCount : 1 ;
Articles : Array ;

2016-06-20 21:52:13 trace :
------------
String:
<xml><ToUserName><![CDATA[gh_a83bf6d773c2]]></ToUserName>
<FromUserName><![CDATA[orkfWjvHjK68qsphl1YsVsGP802E]]></FromUserName>
<CreateTime>1466430588</CreateTime>
<MsgType><![CDATA[text]]></MsgType>
<Content><![CDATA[点菜]]></Content>
<MsgId>6298271417725680063</MsgId>
</xml>

2016-06-20 21:52:13 params :
------------
Array:
message : Array ;
module : cover ;
rule : 12 ;
priority : 0 ;
keyword : Array ;

2016-06-20 21:52:13 response :
------------
Array:
FromUserName : gh_a83bf6d773c2 ;
ToUserName : orkfWjvHjK68qsphl1YsVsGP802E ;
MsgType : news ;
ArticleCount : 1 ;
Articles : Array ;

2016-06-20 22:22:22 trace :
------------
String:
<xml><ToUserName><![CDATA[gh_a83bf6d773c2]]></ToUserName>
<FromUserName><![CDATA[orkfWjmrv5Px2g7dHdiU-ZIYrO-E]]></FromUserName>
<CreateTime>1466432397</CreateTime>
<MsgType><![CDATA[text]]></MsgType>
<Content><![CDATA[点菜]]></Content>
<MsgId>6298279187321518938</MsgId>
</xml>

2016-06-20 22:22:22 params :
------------
Array:
message : Array ;
module : cover ;
rule : 12 ;
priority : 0 ;
keyword : Array ;

2016-06-20 22:22:22 response :
------------
Array:
FromUserName : gh_a83bf6d773c2 ;
ToUserName : orkfWjmrv5Px2g7dHdiU-ZIYrO-E ;
MsgType : news ;
ArticleCount : 1 ;
Articles : Array ;

2016-06-20 22:38:35 trace :
------------
String:
<xml><ToUserName><![CDATA[gh_a83bf6d773c2]]></ToUserName>
<FromUserName><![CDATA[orkfWjja-JCz27cRX_fTN9Ijbcxw]]></FromUserName>
<CreateTime>1466433370</CreateTime>
<MsgType><![CDATA[event]]></MsgType>
<Event><![CDATA[CLICK]]></Event>
<EventKey><![CDATA[单店活动]]></EventKey>
</xml>

2016-06-20 22:38:35 params :
------------
Array:
rule : -2 ;
module :  ;
message : Array ;

2016-06-20 22:38:35 response :
------------

2016-06-20 22:39:54 trace :
------------
String:
<xml><ToUserName><![CDATA[gh_a83bf6d773c2]]></ToUserName>
<FromUserName><![CDATA[orkfWjja-JCz27cRX_fTN9Ijbcxw]]></FromUserName>
<CreateTime>1466433449</CreateTime>
<MsgType><![CDATA[event]]></MsgType>
<Event><![CDATA[CLICK]]></Event>
<EventKey><![CDATA[开业促销]]></EventKey>
</xml>

2016-06-20 22:39:54 params :
------------
Array:
rule : -2 ;
module :  ;
message : Array ;

2016-06-20 22:39:54 response :
------------

