2016-07-03 14:42:59 trace :
------------
String:
<xml><ToUserName><![CDATA[toUser]]></ToUserName><FromUserName><![CDATA[fromUser]]></FromUserName><CreateTime>1467528179</CreateTime><MsgType><![CDATA[text]]></MsgType><Content><![CDATA[测试内容]]></Content><MsgId>1234567890123456</MsgId></xml>

2016-07-03 14:42:59 params :
------------
Array:
rule : -2 ;
module :  ;
message : Array ;

2016-07-03 14:42:59 response :
------------

2016-07-03 14:43:05 trace :
------------
String:
<xml><ToUserName><![CDATA[toUser]]></ToUserName><FromUserName><![CDATA[fromUser]]></FromUserName><CreateTime>1467528186</CreateTime><MsgType><![CDATA[text]]></MsgType><Content><![CDATA[测试内容]]></Content><MsgId>1234567890123456</MsgId></xml>

2016-07-03 14:43:05 params :
------------
Array:
rule : -2 ;
module :  ;
message : Array ;

2016-07-03 14:43:05 response :
------------

2016-07-03 14:43:07 trace :
------------
String:
<xml><ToUserName><![CDATA[toUser]]></ToUserName><FromUserName><![CDATA[fromUser]]></FromUserName><CreateTime>1467528187</CreateTime><MsgType><![CDATA[text]]></MsgType><Content><![CDATA[测试内容]]></Content><MsgId>1234567890123456</MsgId></xml>

2016-07-03 14:43:07 params :
------------
Array:
rule : -2 ;
module :  ;
message : Array ;

2016-07-03 14:43:07 response :
------------

2016-07-03 14:43:11 trace :
------------
String:
<xml><ToUserName><![CDATA[toUser]]></ToUserName><FromUserName><![CDATA[fromUser]]></FromUserName><CreateTime>1467528191</CreateTime><MsgType><![CDATA[text]]></MsgType><Content><![CDATA[测试内容]]></Content><MsgId>1234567890123456</MsgId></xml>

2016-07-03 14:43:11 params :
------------
Array:
rule : -2 ;
module :  ;
message : Array ;

2016-07-03 14:43:11 response :
------------

